<?xml version="1.0" encoding="UTF-8"?>
<!-- Generated by org.testng.reporters.JUnitReportReporter -->
<testsuite hostname="DESKTOP-DNFBOSM" failures="0" tests="1" name="com.smoke.TestNGcrossBrowsertesting" time="6.198" errors="0" timestamp="2021-07-18T07:06:32 EDT" skipped="0">
  <testcase classname="com.smoke.TestNGcrossBrowsertesting" name="getTest" time="6.198"/>
  <system-out/>
</testsuite> <!-- com.smoke.TestNGcrossBrowsertesting -->
