<?xml version="1.0" encoding="UTF-8"?>
<!-- Generated by org.testng.reporters.JUnitReportReporter -->
<testsuite hostname="DESKTOP-DNFBOSM" failures="0" tests="1" name="com.smoke.Parallebrowser1" time="6.544" errors="0" timestamp="2021-07-18T07:41:42 EDT" skipped="0">
  <testcase classname="com.smoke.Parallebrowser1" name="getTest" time="6.544"/>
  <system-out/>
</testsuite> <!-- com.smoke.Parallebrowser1 -->
