<?xml version="1.0" encoding="UTF-8"?>
<!-- Generated by org.testng.reporters.JUnitReportReporter -->
<testsuite hostname="DESKTOP-DNFBOSM" failures="0" tests="1" name="com.smoke.ZooplaTestRun" time="9.763" errors="0" timestamp="2021-07-14T23:20:40 EDT" skipped="0">
  <testcase classname="com.smoke.ZooplaTestRun" name="loginTest" time="9.763"/>
  <system-out/>
</testsuite> <!-- com.smoke.ZooplaTestRun -->
