<?xml version="1.0" encoding="UTF-8"?>
<!-- Generated by org.testng.reporters.JUnitReportReporter -->
<testsuite hostname="DESKTOP-DNFBOSM" failures="0" tests="4" name="com.smoke.TestngPractice" time="0.009" errors="0" timestamp="2021-07-26T22:52:05 EDT" skipped="0">
  <testcase classname="com.smoke.TestngPractice" name="dress" time="0.000"/>
  <system-out/>
  <testcase classname="com.smoke.TestngPractice" name="menShirt" time="0.002"/>
  <system-out/>
  <testcase classname="com.smoke.TestngPractice" name="cart" time="0.006"/>
  <system-out/>
  <testcase classname="com.smoke.TestngPractice" name="logIn" time="0.001"/>
  <system-out/>
</testsuite> <!-- com.smoke.TestngPractice -->
